<?xml version="1.0" encoding="UTF-8"?>
<!-- Generated by org.testng.reporters.JUnitReportReporter -->
<testsuite hostname="R2-D2" name="test.Example" tests="1" failures="0" timestamp="18 Apr 2016 09:30:58 GMT" time="72.532" errors="0">
  <testcase name="test" time="72.532" classname="test.Example"/>
</testsuite> <!-- test.Example -->
